2017-07-26T09:21:16.624+0300 I CONTROL  [initandlisten] MongoDB starting : pid=18437 port=27017 dbpath=/home/jondan/Documents/Ohjelmat/EmpowerSite/data/db 64-bit host=jondan-X550LB
2017-07-26T09:21:16.625+0300 I CONTROL  [initandlisten] db version v3.4.6
2017-07-26T09:21:16.625+0300 I CONTROL  [initandlisten] git version: c55eb86ef46ee7aede3b1e2a5d184a7df4bfb5b5
2017-07-26T09:21:16.625+0300 I CONTROL  [initandlisten] OpenSSL version: OpenSSL 1.0.2g  1 Mar 2016
2017-07-26T09:21:16.625+0300 I CONTROL  [initandlisten] allocator: tcmalloc
2017-07-26T09:21:16.625+0300 I CONTROL  [initandlisten] modules: none
2017-07-26T09:21:16.625+0300 I CONTROL  [initandlisten] build environment:
2017-07-26T09:21:16.625+0300 I CONTROL  [initandlisten]     distmod: ubuntu1604
2017-07-26T09:21:16.625+0300 I CONTROL  [initandlisten]     distarch: x86_64
2017-07-26T09:21:16.625+0300 I CONTROL  [initandlisten]     target_arch: x86_64
2017-07-26T09:21:16.625+0300 I CONTROL  [initandlisten] options: { storage: { dbPath: "/home/jondan/Documents/Ohjelmat/EmpowerSite/data/db", directoryPerDB: true }, systemLog: { destination: "file", path: "/home/jondan/Documents/Ohjelmat/EmpowerSite/log/mongo.log" } }
2017-07-26T09:21:16.656+0300 I STORAGE  [initandlisten] 
2017-07-26T09:21:16.656+0300 I STORAGE  [initandlisten] ** WARNING: Using the XFS filesystem is strongly recommended with the WiredTiger storage engine
2017-07-26T09:21:16.656+0300 I STORAGE  [initandlisten] **          See http://dochub.mongodb.org/core/prodnotes-filesystem
2017-07-26T09:21:16.656+0300 I STORAGE  [initandlisten] wiredtiger_open config: create,cache_size=3421M,session_max=20000,eviction=(threads_min=4,threads_max=4),config_base=false,statistics=(fast),log=(enabled=true,archive=true,path=journal,compressor=snappy),file_manager=(close_idle_time=100000),checkpoint=(wait=60,log_size=2GB),statistics_log=(wait=0),
2017-07-26T09:21:17.336+0300 I CONTROL  [initandlisten] 
2017-07-26T09:21:17.336+0300 I CONTROL  [initandlisten] ** WARNING: Access control is not enabled for the database.
2017-07-26T09:21:17.336+0300 I CONTROL  [initandlisten] **          Read and write access to data and configuration is unrestricted.
2017-07-26T09:21:17.336+0300 I CONTROL  [initandlisten] 
2017-07-26T09:21:17.336+0300 I CONTROL  [initandlisten] 
2017-07-26T09:21:17.336+0300 I CONTROL  [initandlisten] ** WARNING: /sys/kernel/mm/transparent_hugepage/enabled is 'always'.
2017-07-26T09:21:17.336+0300 I CONTROL  [initandlisten] **        We suggest setting it to 'never'
2017-07-26T09:21:17.336+0300 I CONTROL  [initandlisten] 
2017-07-26T09:21:17.336+0300 I CONTROL  [initandlisten] ** WARNING: /sys/kernel/mm/transparent_hugepage/defrag is 'always'.
2017-07-26T09:21:17.336+0300 I CONTROL  [initandlisten] **        We suggest setting it to 'never'
2017-07-26T09:21:17.336+0300 I CONTROL  [initandlisten] 
2017-07-26T09:21:17.516+0300 I FTDC     [initandlisten] Initializing full-time diagnostic data capture with directory '/home/jondan/Documents/Ohjelmat/EmpowerSite/data/db/diagnostic.data'
2017-07-26T09:21:17.773+0300 I INDEX    [initandlisten] build index on: admin.system.version properties: { v: 2, key: { version: 1 }, name: "incompatible_with_version_32", ns: "admin.system.version" }
2017-07-26T09:21:17.773+0300 I INDEX    [initandlisten] 	 building index using bulk method; build may temporarily use up to 500 megabytes of RAM
2017-07-26T09:21:17.774+0300 I INDEX    [initandlisten] build index done.  scanned 0 total records. 0 secs
2017-07-26T09:21:17.774+0300 I COMMAND  [initandlisten] setting featureCompatibilityVersion to 3.4
2017-07-26T09:21:17.774+0300 I NETWORK  [thread1] waiting for connections on port 27017
2017-07-26T09:23:55.773+0300 I CONTROL  [main] ***** SERVER RESTARTED *****
2017-07-26T09:23:55.777+0300 I CONTROL  [initandlisten] MongoDB starting : pid=18500 port=27017 dbpath=/home/jondan/Documents/Ohjelmat/EmpowerSite/data/db 64-bit host=jondan-X550LB
2017-07-26T09:23:55.777+0300 I CONTROL  [initandlisten] db version v3.4.6
2017-07-26T09:23:55.777+0300 I CONTROL  [initandlisten] git version: c55eb86ef46ee7aede3b1e2a5d184a7df4bfb5b5
2017-07-26T09:23:55.777+0300 I CONTROL  [initandlisten] OpenSSL version: OpenSSL 1.0.2g  1 Mar 2016
2017-07-26T09:23:55.777+0300 I CONTROL  [initandlisten] allocator: tcmalloc
2017-07-26T09:23:55.777+0300 I CONTROL  [initandlisten] modules: none
2017-07-26T09:23:55.777+0300 I CONTROL  [initandlisten] build environment:
2017-07-26T09:23:55.777+0300 I CONTROL  [initandlisten]     distmod: ubuntu1604
2017-07-26T09:23:55.777+0300 I CONTROL  [initandlisten]     distarch: x86_64
2017-07-26T09:23:55.777+0300 I CONTROL  [initandlisten]     target_arch: x86_64
2017-07-26T09:23:55.777+0300 I CONTROL  [initandlisten] options: { net: { http: { RESTInterfaceEnabled: true, enabled: true } }, storage: { dbPath: "/home/jondan/Documents/Ohjelmat/EmpowerSite/data/db", directoryPerDB: true }, systemLog: { destination: "file", logAppend: true, path: "/home/jondan/Documents/Ohjelmat/EmpowerSite/log/mongo.log" } }
2017-07-26T09:23:55.777+0300 I STORAGE  [initandlisten] exception in initAndListen: 98 Unable to lock file: /home/jondan/Documents/Ohjelmat/EmpowerSite/data/db/mongod.lock Resource temporarily unavailable. Is a mongod instance already running?, terminating
2017-07-26T09:23:55.777+0300 I NETWORK  [initandlisten] shutdown: going to close listening sockets...
2017-07-26T09:23:55.777+0300 I NETWORK  [initandlisten] shutdown: going to flush diaglog...
2017-07-26T09:23:55.777+0300 I CONTROL  [initandlisten] now exiting
2017-07-26T09:23:55.777+0300 I CONTROL  [initandlisten] shutting down with code:100
